{
  "RSpec": {
    "coverage": {
      "/Users/student/Desktop/TechTestWeek10/BankTechTest/spec/account_spec.rb": [
        1,
        null,
        1,
        null,
        1,
        null,
        1,
        null,
        1,
        2,
        null,
        null,
        1,
        1,
        1,
        null,
        null,
        1,
        1,
        1,
        1,
        1,
        null,
        null,
        null,
        null,
        1,
        null,
        1,
        1,
        1,
        2,
        null,
        null,
        null,
        null,
        null,
        null,
        null,
        1,
        null,
        1,
        1,
        1,
        1,
        1,
        null,
        null,
        null,
        null,
        null
      ],
      "/Users/student/Desktop/TechTestWeek10/BankTechTest/lib/account.rb": [
        1,
        null,
        1,
        5,
        null,
        null,
        1,
        8,
        null,
        3,
        null,
        2,
        null,
        null,
        1,
        7,
        null,
        null,
        1,
        null,
        1,
        8,
        null,
        null,
        null
      ],
      "/Users/student/Desktop/TechTestWeek10/BankTechTest/spec/features/system_spec.rb": [
        1,
        1,
        1,
        1,
        null,
        1,
        null,
        1,
        null,
        1,
        null,
        1,
        1,
        1,
        1,
        1,
        1,
        1,
        1,
        1,
        1,
        1,
        1,
        2,
        null,
        null,
        null,
        null,
        null
      ],
      "/Users/student/Desktop/TechTestWeek10/BankTechTest/lib/system.rb": [
        1,
        null,
        1,
        1,
        null,
        null,
        null
      ],
      "/Users/student/Desktop/TechTestWeek10/BankTechTest/lib/transaction.rb": [
        1,
        null,
        1,
        null,
        1,
        3,
        3,
        3,
        null,
        null,
        null
      ],
      "/Users/student/Desktop/TechTestWeek10/BankTechTest/lib/transaction_history.rb": [
        1,
        null,
        1,
        null,
        1,
        4,
        4,
        null,
        null,
        1,
        4,
        4,
        null,
        null,
        1,
        10,
        5,
        null,
        null,
        5,
        null,
        null,
        null
      ],
      "/Users/student/Desktop/TechTestWeek10/BankTechTest/spec/transaction_history_spec.rb": [
        1,
        null,
        1,
        null,
        4,
        null,
        1,
        1,
        2,
        1,
        1,
        null,
        null,
        1,
        1,
        2,
        1,
        1,
        null,
        null,
        1,
        1,
        3,
        1,
        1,
        null,
        null,
        null
      ]
    },
    "timestamp": 1580225350
  }
}
