{
  "RSpec": {
    "coverage": {
      "/Users/student/Desktop/TechTestWeek10/BankTechTest/spec/account_spec.rb": [
        1,
        null,
        1,
        null,
        1,
        null,
        1,
        2,
        null,
        null,
        1,
        1,
        1,
        null,
        null,
        1,
        1,
        1,
        null,
        null,
        null,
        null,
        1,
        null,
        1,
        1,
        1,
        1,
        1,
        null,
        null,
        null,
        null,
        null
      ],
      "/Users/student/Desktop/TechTestWeek10/BankTechTest/lib/account.rb": [
        1,
        null,
        1,
        3,
        3,
        null,
        null,
        1,
        3,
        null,
        null,
        1,
        1,
        null,
        null,
        null
      ],
      "/Users/student/Desktop/TechTestWeek10/BankTechTest/spec/transaction_spec.rb": [
        1,
        null,
        1,
        1,
        null,
        1,
        1,
        1,
        null,
        null,
        null,
        null
      ],
      "/Users/student/Desktop/TechTestWeek10/BankTechTest/lib/transaction.rb": [
        1,
        null,
        1,
        null,
        1,
        1,
        1,
        1,
        null,
        null,
        1,
        1,
        null,
        null,
        null
      ]
    },
    "timestamp": 1580139387
  }
}
